[debug] [2023-07-11T07:13:22.977Z] ----------------------------------------------------------------------
[debug] [2023-07-11T07:13:22.979Z] Command:       C:\Program Files\nodejs\node.exe C:\Users\dutkd\AppData\Roaming\npm\node_modules\firebase-tools\lib\bin\firebase.js init
[debug] [2023-07-11T07:13:22.980Z] CLI Version:   12.4.3
[debug] [2023-07-11T07:13:22.980Z] Platform:      win32
[debug] [2023-07-11T07:13:22.980Z] Node Version:  v18.14.2
[debug] [2023-07-11T07:13:22.981Z] Time:          Tue Jul 11 2023 16:13:22 GMT+0900 (대한민국 표준시)
[debug] [2023-07-11T07:13:22.981Z] ----------------------------------------------------------------------
[debug] 
[debug] [2023-07-11T07:13:22.984Z] >>> [apiv2][query] GET https://firebase-public.firebaseio.com/cli.json [none]
[debug] [2023-07-11T07:13:23.036Z] > command requires scopes: ["email","openid","https://www.googleapis.com/auth/cloudplatformprojects.readonly","https://www.googleapis.com/auth/firebase","https://www.googleapis.com/auth/cloud-platform"]
[debug] [2023-07-11T07:13:23.037Z] > authorizing via signed-in user (emzk0799@gmail.com)
[info] 
     ######## #### ########  ######## ########     ###     ######  ########
     ##        ##  ##     ## ##       ##     ##  ##   ##  ##       ##
     ######    ##  ########  ######   ########  #########  ######  ######
     ##        ##  ##    ##  ##       ##     ## ##     ##       ## ##
     ##       #### ##     ## ######## ########  ##     ##  ######  ########

You're about to initialize a Firebase project in this directory:

  C:\Users\dutkd\OneDrive\바탕 화면\TwitterPage\twitter

[debug] [2023-07-11T07:13:23.441Z] <<< [apiv2][status] GET https://firebase-public.firebaseio.com/cli.json 200
[debug] [2023-07-11T07:13:23.442Z] <<< [apiv2][body] GET https://firebase-public.firebaseio.com/cli.json {"cloudBuildErrorAfter":1594252800000,"cloudBuildWarnAfter":1590019200000,"defaultNode10After":1594252800000,"minVersion":"3.0.5","node8DeploysDisabledAfter":1613390400000,"node8RuntimeDisabledAfter":1615809600000,"node8WarnAfter":1600128000000}
